TN:
SF:lib/buildlight.js
FN:21,BuildLight
FN:39,on
FN:49,off
FN:63,blink
FN:72,task
FN:75,_do
FN:106,unblink
FN:116,_driver
FN:132,_colours
FN:135,BuildLight.<computed>
FNF:10
FNH:10
FNDA:13,BuildLight
FNDA:1,on
FNDA:1,off
FNDA:2,blink
FNDA:4,task
FNDA:4,_do
FNDA:3,unblink
FNDA:12,_driver
FNDA:11,_colours
FNDA:1,BuildLight.<computed>
DA:1,1
DA:2,1
DA:3,1
DA:4,1
DA:5,1
DA:6,1
DA:7,1
DA:8,1
DA:9,1
DA:10,1
DA:11,1
DA:12,1
DA:13,1
DA:14,1
DA:15,1
DA:16,1
DA:17,1
DA:18,1
DA:19,1
DA:20,1
DA:21,1
DA:22,13
DA:23,13
DA:24,13
DA:25,13
DA:26,13
DA:27,13
DA:28,13
DA:29,13
DA:30,13
DA:31,13
DA:32,13
DA:33,13
DA:34,13
DA:35,1
DA:36,1
DA:37,1
DA:38,1
DA:39,1
DA:40,1
DA:41,1
DA:42,2
DA:43,1
DA:44,1
DA:45,1
DA:46,1
DA:47,1
DA:48,1
DA:49,1
DA:50,1
DA:51,1
DA:52,2
DA:53,1
DA:54,1
DA:55,1
DA:56,1
DA:57,1
DA:58,1
DA:59,1
DA:60,1
DA:61,1
DA:62,1
DA:63,1
DA:64,2
DA:65,1
DA:66,1
DA:67,1
DA:68,2
DA:69,2
DA:70,2
DA:71,2
DA:72,2
DA:73,4
DA:74,4
DA:75,4
DA:76,4
DA:77,2
DA:78,2
DA:79,2
DA:80,2
DA:81,4
DA:82,4
DA:83,4
DA:84,2
DA:85,2
DA:86,2
DA:87,2
DA:88,2
DA:89,2
DA:90,2
DA:91,2
DA:92,2
DA:93,2
DA:94,4
DA:95,2
DA:96,2
DA:97,2
DA:98,1
DA:99,1
DA:100,1
DA:101,1
DA:102,1
DA:103,1
DA:104,1
DA:105,1
DA:106,1
DA:107,3
DA:108,3
DA:109,3
DA:110,1
DA:111,1
DA:112,1
DA:113,1
DA:114,1
DA:115,1
DA:116,1
DA:117,12
DA:118,11
DA:119,12
DA:120,1
DA:121,1
DA:122,12
DA:123,1
DA:124,1
DA:125,1
DA:126,1
DA:127,1
DA:128,1
DA:129,1
DA:130,1
DA:131,1
DA:132,1
DA:133,11
DA:134,11
DA:135,27
DA:136,1
DA:137,1
DA:138,27
DA:139,11
DA:140,11
DA:141,1
DA:142,1
DA:143,1
DA:144,1
DA:145,1
DA:146,1
LF:146
LH:146
BRDA:1,0,0,1
BRDA:21,1,0,13
BRDA:26,2,0,1
BRDA:27,3,0,7
BRDA:28,4,0,11
BRDA:29,5,0,1
BRDA:39,6,0,1
BRDA:41,7,0,2
BRDA:49,8,0,1
BRDA:51,9,0,2
BRDA:63,10,0,2
BRDA:64,11,0,1
BRDA:72,12,0,4
BRDA:83,13,0,2
BRDA:85,14,0,1
BRDA:75,15,0,4
BRDA:76,16,0,2
BRDA:86,17,0,2
BRDA:106,18,0,3
BRDA:116,19,0,12
BRDA:117,20,0,11
BRDA:117,21,0,11
BRDA:119,22,0,1
BRDA:132,23,0,11
BRDA:134,24,0,27
BRDA:135,25,0,1
BRF:26
BRH:26
end_of_record
TN:
SF:lib/drivers/usbled.js
FN:15,UsbLed
FN:24,on
FN:34,off
FN:45,_find
FNF:4
FNH:4
FNDA:21,UsbLed
FNDA:3,on
FNDA:3,off
FNDA:5,_find
DA:1,1
DA:2,1
DA:3,1
DA:4,1
DA:5,1
DA:6,1
DA:7,1
DA:8,1
DA:9,1
DA:10,1
DA:11,1
DA:12,1
DA:13,1
DA:14,1
DA:15,1
DA:16,21
DA:17,21
DA:18,1
DA:19,1
DA:20,1
DA:21,1
DA:22,1
DA:23,1
DA:24,1
DA:25,3
DA:26,3
DA:27,3
DA:28,1
DA:29,1
DA:30,1
DA:31,1
DA:32,1
DA:33,1
DA:34,1
DA:35,3
DA:36,3
DA:37,3
DA:38,1
DA:39,1
DA:40,1
DA:41,1
DA:42,1
DA:43,1
DA:44,1
DA:45,1
DA:46,5
DA:47,5
DA:48,5
DA:49,1
DA:50,1
DA:51,4
DA:52,4
DA:53,7
DA:54,4
DA:55,4
DA:56,5
DA:57,2
DA:58,2
DA:59,2
DA:60,5
DA:61,1
DA:62,1
DA:63,1
DA:64,1
DA:65,2
DA:66,5
DA:67,1
DA:68,1
DA:69,1
DA:70,1
DA:71,1
LF:71
LH:71
BRDA:1,0,0,1
BRDA:15,1,0,21
BRDA:16,2,0,16
BRDA:24,3,0,3
BRDA:34,4,0,3
BRDA:45,5,0,5
BRDA:48,6,0,1
BRDA:51,7,0,4
BRDA:56,8,0,2
BRDA:60,9,0,1
BRDA:65,10,0,2
BRDA:52,11,0,7
BRDA:61,12,0,1
BRF:13
BRH:13
end_of_record
