TN:
SF:/Users/cliffano/dev/workspace/buildlight/lib/buildlight.js
FN:14,BuildLight
FN:30,(anonymous_2)
FN:32,(anonymous_3)
FN:40,(anonymous_4)
FN:42,(anonymous_5)
FN:54,(anonymous_6)
FN:63,condition
FN:67,task
FN:70,_do
FN:79,(anonymous_10)
FN:95,(anonymous_11)
FN:105,(anonymous_12)
FN:121,(anonymous_13)
FN:123,(anonymous_14)
FN:124,(anonymous_15)
FNF:15
FNH:15
FNDA:13,BuildLight
FNDA:1,(anonymous_2)
FNDA:2,(anonymous_3)
FNDA:1,(anonymous_4)
FNDA:2,(anonymous_5)
FNDA:2,(anonymous_6)
FNDA:4,condition
FNDA:2,task
FNDA:4,_do
FNDA:2,(anonymous_10)
FNDA:3,(anonymous_11)
FNDA:12,(anonymous_12)
FNDA:11,(anonymous_13)
FNDA:27,(anonymous_14)
FNDA:1,(anonymous_15)
DA:1,1
DA:14,1
DA:15,13
DA:16,13
DA:18,13
DA:19,13
DA:20,13
DA:21,13
DA:23,13
DA:24,12
DA:30,1
DA:31,1
DA:32,1
DA:33,2
DA:40,1
DA:41,1
DA:42,1
DA:43,2
DA:54,1
DA:55,2
DA:56,1
DA:57,1
DA:60,2
DA:61,2
DA:63,1
DA:64,4
DA:67,1
DA:70,1
DA:71,4
DA:72,2
DA:74,2
DA:78,2
DA:79,2
DA:80,2
DA:81,2
DA:85,2
DA:95,1
DA:96,3
DA:97,3
DA:105,1
DA:106,12
DA:107,11
DA:109,1
DA:121,1
DA:122,11
DA:123,11
DA:124,27
DA:125,1
DA:126,1
DA:131,1
LF:50
LH:50
BRDA:18,1,0,13
BRDA:18,1,1,1
BRDA:19,2,0,13
BRDA:19,2,1,7
BRDA:20,3,0,13
BRDA:20,3,1,11
BRDA:21,4,0,13
BRDA:21,4,1,1
BRDA:55,5,0,1
BRDA:55,5,1,1
BRDA:71,6,0,2
BRDA:71,6,1,2
BRDA:78,7,0,2
BRDA:78,7,1,1
BRDA:106,8,0,11
BRDA:106,8,1,1
BRF:16
BRH:16
end_of_record
TN:
SF:/Users/cliffano/dev/workspace/buildlight/lib/drivers/usbled.js
FN:12,UsbLed
FN:21,(anonymous_2)
FN:31,(anonymous_3)
FN:42,(anonymous_4)
FN:49,(anonymous_5)
FN:58,(anonymous_6)
FNF:6
FNH:6
FNDA:21,UsbLed
FNDA:3,(anonymous_2)
FNDA:3,(anonymous_3)
FNDA:5,(anonymous_4)
FNDA:7,(anonymous_5)
FNDA:1,(anonymous_6)
DA:1,1
DA:12,1
DA:13,21
DA:21,1
DA:22,3
DA:23,3
DA:31,1
DA:32,3
DA:33,3
DA:42,1
DA:43,5
DA:45,5
DA:46,1
DA:49,4
DA:50,7
DA:53,4
DA:54,2
DA:57,2
DA:58,1
DA:59,1
DA:62,2
DA:65,1
LF:22
LH:22
BRDA:13,1,0,21
BRDA:13,1,1,16
BRDA:45,2,0,1
BRDA:45,2,1,4
BRDA:53,3,0,2
BRDA:53,3,1,2
BRDA:57,4,0,1
BRDA:57,4,1,1
BRF:8
BRH:8
end_of_record
